0	0	Dogs/Dog_13.jpg
1	0	Dogs/Dog_12.jpg
2	0	Dogs/Dog_38.jpg
3	0	Dogs/Dog_10.jpg
4	0	Dogs/Dog_11.jpg
5	0	Dogs/Dog_39.jpg
6	0	Dogs/Dog_9.jpg
7	0	Dogs/Dog_15.jpg
10	0	Dogs/Dog_28.jpg
11	0	Dogs/Dog_14.jpg
12	0	Dogs/Dog_8.jpg
13	0	Dogs/Dog_16.jpg
14	0	Dogs/Dog_17.jpg
15	0	Dogs/Dog_58.jpg
16	0	Dogs/Dog_70.jpg
17	0	Dogs/Dog_64.jpg
18	0	Dogs/Dog_65.jpg
19	0	Dogs/Dog_71.jpg
21	0	Dogs/Dog_98.jpg
22	0	Dogs/Dog_67.jpg
23	0	Dogs/Dog_73.jpg
24	0	Dogs/Dog_72.jpg
25	0	Dogs/Dog_66.jpg
26	0	Dogs/Dog_99.jpg
27	0	Dogs/Dog_89.jpg
28	0	Dogs/Dog_62.jpg
29	0	Dogs/Dog_76.jpg
30	0	Dogs/Dog_77.jpg
32	0	Dogs/Dog_88.jpg
33	0	Dogs/Dog_75.jpg
34	0	Dogs/Dog_61.jpg
35	0	Dogs/Dog_49.jpg
36	0	Dogs/Dog_48.jpg
37	0	Dogs/Dog_60.jpg
39	0	Dogs/Dog_92.jpg
40	0	Dogs/Dog_86.jpg
43	0	Dogs/Dog_45.jpg
44	0	Dogs/Dog_44.jpg
45	0	Dogs/Dog_50.jpg
46	0	Dogs/Dog_78.jpg
48	0	Dogs/Dog_93.jpg
49	0	Dogs/Dog_85.jpg
50	0	Dogs/Dog_91.jpg
52	0	Dogs/Dog_52.jpg
53	0	Dogs/Dog_53.jpg
54	0	Dogs/Dog_47.jpg
55	0	Dogs/Dog_90.jpg
57	0	Dogs/Dog_80.jpg
58	0	Dogs/Dog_94.jpg
59	0	Dogs/Dog_43.jpg
61	0	Dogs/Dog_56.jpg
62	0	Dogs/Dog_42.jpg
63	0	Dogs/Dog_95.jpg
64	0	Dogs/Dog_81.jpg
66	0	Dogs/Dog_83.jpg
67	0	Dogs/Dog_54.jpg
68	0	Dogs/Dog_40.jpg
69	0	Dogs/Dog_68.jpg
72	0	Dogs/Dog_41.jpg
73	0	Dogs/Dog_55.jpg
74	0	Dogs/Dog_82.jpg
75	0	Dogs/Dog_96.jpg
76	0	Dogs/Dog_6.jpg
77	0	Dogs/Dog_32.jpg
78	0	Dogs/Dog_26.jpg
79	0	Dogs/Dog_27.jpg
80	0	Dogs/Dog_33.jpg
82	0	Dogs/Dog_5.jpg
83	0	Dogs/Dog_19.jpg
84	0	Dogs/Dog_25.jpg
85	0	Dogs/Dog_31.jpg
86	0	Dogs/Dog_30.jpg
87	0	Dogs/Dog_24.jpg
88	0	Dogs/Dog_18.jpg
89	0	Dogs/Dog_4.jpg
90	0	Dogs/Dog_20.jpg
91	0	Dogs/Dog_34.jpg
92	0	Dogs/Dog_35.jpg
93	0	Dogs/Dog_21.jpg
94	0	Dogs/Dog_1.jpg
95	0	Dogs/Dog_3.jpg
97	0	Dogs/Dog_23.jpg
98	0	Dogs/Dog_22.jpg
99	0	Dogs/Dog_36.jpg
100	0	Dogs/Dog_2.jpg
102	1	Cats/Cat_16.jpg
104	1	Cats/Cat_25.jpeg
105	1	Cats/Cat_17.jpg
106	1	Cats/Cat_13.jpg
108	1	Cats/Cat_12.jpg
109	1	Cats/Cat_38.jpg
110	1	Cats/Cat_90.jpeg
111	1	Cats/Cat_28.jpeg
112	1	Cats/Cat_39.jpg
113	1	Cats/Cat_76.jpg
116	1	Cats/Cat_23.jpeg
117	1	Cats/Cat_9.jpg
118	1	Cats/Cat_58.jpeg
119	1	Cats/Cat_88.jpg
120	1	Cats/Cat_63.jpg
121	1	Cats/Cat_77.jpg
122	1	Cats/Cat_61.jpg
123	1	Cats/Cat_75.jpg
124	1	Cats/Cat_49.jpg
125	1	Cats/Cat_54.jpeg
126	1	Cats/Cat_15.jpeg
127	1	Cats/Cat_48.jpg
128	1	Cats/Cat_74.jpg
132	1	Cats/cat_14.jpeg
133	1	Cats/Cat_43.jpeg
136	1	Cats/Cat_65.jpg
137	1	Cats/Cat_59.jpg
138	1	Cats/Cat_73.jpg
140	1	Cats/Cat_99.jpg
141	1	Cats/Cat_66.jpg
142	1	Cats/Cat_72.jpg
145	1	Cats/Cat_1.jpg
146	1	Cats/Cat_81.jpg
149	1	Cats/Cat_68.jpg
150	1	Cats/Cat_83.jpg
151	1	Cats/Cat_97.jpg
152	1	Cats/Cat_56.jpeg
153	1	Cats/Cat_2.jpg
154	1	Cats/Cat_3.jpg
155	1	Cats/Cat_95.jpeg
156	1	Cats/Cat_96.jpg
157	1	Cats/Cat_82.jpg
158	1	Cats/Cat_69.jpg
159	1	Cats/Cat_55.jpg
160	1	Cats/Cat_41.jpg
161	1	Cats/Cat_45.jpg
162	1	Cats/Cat_51.jpg
163	1	Cats/Cat_86.jpg
164	1	Cats/Cat_92.jpg
165	1	Cats/Cat_7.jpg
166	1	Cats/Cat_6.jpg
167	1	Cats/Cat_57.jpeg
168	1	Cats/Cat_93.jpg
170	1	Cats/Cat_50.jpg
174	1	Cats/Cat_46.jpg
175	1	Cats/Cat_91.jpg
176	1	Cats/Cat_85.jpg
178	1	Cats/Cat_100.jpg
180	1	Cats/Cat_98.jpeg
181	1	Cats/Cat_4.jpg
182	1	Cats/Cat_5.jpg
183	1	Cats/Cat_47.jpg
184	1	Cats/Cat_53.jpg
185	1	Cats/Cat_34.jpg
186	1	Cats/cat_11.jpeg
187	1	Cats/Cat_8.jpeg
188	1	Cats/Cat_21.jpg
189	1	Cats/Cat_35.jpg
190	1	Cats/Cat_37.jpg
191	1	Cats/Cat_22.jpg
192	1	Cats/Cat_26.jpg
193	1	Cats/Cat_32.jpg
194	1	Cats/Cat_27.jpg
196	1	Cats/Cat_31.jpg
197	1	Cats/Cat_84.jpeg
201	1	Cats/Cat_18.jpg
